This is LuaHBTeX, Version 1.12.0 (TeX Live 2020/W32TeX)  (format=lualatex 2020.8.3)  1 JAN 2023 18:27
 restricted system commands enabled.
**finall.tex
(./finall.tex
LaTeX2e <2020-02-02> patch level 5
Lua module: luaotfload-main 2020-02-02 3.12 luaotfload entry point
Lua module: luaotfload-init 2020-02-02 3.12 luaotfload submodule / initializatio
n
Lua module: lualibs 2020-02-02 2.70 ConTeXt Lua standard libraries.
Lua module: lualibs-extended 2020-02-02 2.70 ConTeXt Lua libraries -- extended c
ollection.
Lua module: luaotfload-log 2020-02-02 3.12 luaotfload submodule / logging
Lua module: luaotfload-parsers 2020-02-02 3.12 luaotfload submodule / filelist
Lua module: luaotfload-configuration 2020-02-02 3.12 luaotfload submodule / conf
ig file reader
luaotfload | conf : Root cache directory is D:/Latex/texlive/2020/texmf-var/luat
ex-cache/generic-dev/names.
luaotfload | init : Loading fontloader ‚Äúfontloader-2020-01-26.lua‚Äù from kpse
-resolved path ‚Äúd:/Latex/texlive/2020/texmf-dist/tex/luatex/luaotfload/fontloa
der-2020-01-26.lua‚Äù.
Lua-only attribute luaotfload@state = 2
Lua-only attribute luaotfload@noligature = 3
Lua-only attribute luaotfload@syllabe = 4
luaotfload | init : Context OpenType loader version ‚Äú3.11‚Äù
Inserting `luaotfload.node_processor' at position 1 in `pre_linebreak_filter'.
Inserting `luaotfload.node_processor' at position 1 in `hpack_filter'.
Lua module: luaotfload-loaders 2020-02-02 3.12 luaotfload submodule / callback h
andling
Inserting `luaotfload.define_font' at position 1 in `define_font'.
Lua module: luaotfload-database 2020-02-02 3.12 luaotfload submodule / database
Lua module: luaotfload-unicode 2020-02-02 3.12 luaotfload submodule / Unicode he
lpers
Lua module: luaotfload-colors 2020-02-02 3.12 luaotfload submodule / color
Lua-only attribute luaotfload_color_attribute = 5
Lua module: luaotfload-resolvers 2020-02-02 3.12 luaotfload submodule / resolver
s
luaotfload | conf : Root cache directory is D:/Latex/texlive/2020/texmf-var/luat
ex-cache/generic-dev/names.
Lua module: luaotfload-features 2020-02-02 3.12 luaotfload submodule / features
Lua module: luaotfload-letterspace 2020-02-02 3.12 luaotfload submodule / color
Lua module: luaotfload-embolden 2020-02-02 3.12 luaotfload submodule / color
Lua module: luaotfload-notdef 2020-02-02 3.12 luaotfload submodule / color
Lua module: luaotfload-harf-define 2020-02-02 3.12 luaotfload submodule / databa
se
Lua module: luaotfload-script 2020-02-02 3.12 luaotfload submodule / Script help
ers
Inserting `luaotfload.harf.strip_prefix' at position 1 in `find_opentype_file'.
Inserting `luaotfload.harf.strip_prefix' at position 1 in `find_truetype_file'.
Lua module: luaotfload-harf-plug 2020-02-02 3.12 luaotfload submodule / database
Inserting `Harf pre_output_filter callback' at position 1 in `pre_output_filter'
.
Inserting `Harf wrapup_run callback' at position 1 in `wrapup_run'.
Inserting `Harf finish_pdffile callback' at position 1 in `finish_pdffile'.
Inserting `Harf glyph_info callback' at position 1 in `glyph_info'.
Lua module: luaotfload-auxiliary 2020-02-02 3.12 luaotfload submodule / auxiliar
y functions
Inserting `luaotfload.aux.set_sscale_dimens' at position 1 in `luaotfload.patch_
font'.
Inserting `luaotfload.aux.set_font_index' at position 2 in `luaotfload.patch_fon
t'.
Inserting `luaotfload.aux.patch_cambria_domh' at position 3 in `luaotfload.patch
_font'.
Inserting `luaotfload.aux.fixup_fontdata' at position 1 in `luaotfload.patch_fon
t_unsafe'.
Inserting `luaotfload.aux.set_capheight' at position 4 in `luaotfload.patch_font
'.
Inserting `luaotfload.aux.set_xheight' at position 5 in `luaotfload.patch_font'.
Lua module: luaotfload-fallback 2020-02-02 3.12 luaotfload submodule / fallback
Lua module: luaotfload-multiscript 2020-02-02 3.12 luaotfload submodule / multis
cript
Lua module: luaotfload-tounicode 2020-02-02 3.12 luaotfload submodule / tounicod
e
Inserting `luaotfload.rewrite_fontname' at position 6 in `luaotfload.patch_font'
. L3 programming layer <2020-03-06>
(d:/Latex/texlive/2020/texmf-dist/tex/latex/base/article.cls
Document Class: article 2019/12/20 v1.4l Standard LaTeX document class
(d:/Latex/texlive/2020/texmf-dist/tex/latex/base/size10.clo
File: size10.clo 2019/12/20 v1.4l Standard LaTeX file (size option)
luaotfload | db : Font names database loaded from D:/Latex/texlive/2020/texmf-va
r/luatex-cache/generic-dev/names/luaotfload-names.luc)
\c@part=\count163
\c@section=\count164
\c@subsection=\count165
\c@subsubsection=\count166
\c@paragraph=\count167
\c@subparagraph=\count168
\c@figure=\count169
\c@table=\count170
\abovecaptionskip=\skip47
\belowcaptionskip=\skip48
\bibindent=\dimen134
)
(d:/Latex/texlive/2020/texmf-dist/tex/latex/graphics/color.sty
Package: color 2019/11/23 v1.2a Standard LaTeX Color (DPC)

(d:/Latex/texlive/2020/texmf-dist/tex/latex/graphics-cfg/color.cfg
File: color.cfg 2016/01/02 v1.6 sample color configuration
)
Package color Info: Driver file: luatex.def on input line 147.

(d:/Latex/texlive/2020/texmf-dist/tex/latex/graphics-def/luatex.def
File: luatex.def 2018/01/08 v1.0l Graphics/color driver for luatex
))
(d:/Latex/texlive/2020/texmf-dist/tex/latex/tools/verbatim.sty
Package: verbatim 2019/11/10 v1.5r LaTeX2e package for verbatim enhancements
\every@verbatim=\toks15
\verbatim@line=\toks16
\verbatim@in@stream=\read2
)
(d:/Latex/texlive/2020/texmf-dist/tex/latex/ctex/ctex.sty
(d:/Latex/texlive/2020/texmf-dist/tex/latex/l3kernel/expl3.sty
Package: expl3 2020-03-06 L3 programming layer (loader) 

(d:/Latex/texlive/2020/texmf-dist/tex/latex/l3backend/l3backend-pdfmode.def
File: l3backend-pdfmode.def 2020-03-12 L3 backend support: PDF mode
\l__kernel_color_stack_int=\count171
\l__pdf_internal_box=\box45
))
Package: ctex 2019/05/29 v2.4.16 Chinese adapter in LaTeX (CTEX)

(d:/Latex/texlive/2020/texmf-dist/tex/latex/l3packages/xparse/xparse.sty
Package: xparse 2020-03-06 L3 Experimental document command parser
\l__xparse_current_arg_int=\count172
\g__xparse_grabber_int=\count173
\l__xparse_m_args_int=\count174
\l__xparse_v_nesting_int=\count175
)
(d:/Latex/texlive/2020/texmf-dist/tex/latex/l3packages/l3keys2e/l3keys2e.sty
Package: l3keys2e 2020-03-06 LaTeX2e option processing using LaTeX3 keys
)
(d:/Latex/texlive/2020/texmf-dist/tex/latex/ctex/ctexhook.sty
Package: ctexhook 2019/05/29 v2.4.16 Document and package hooks (CTEX)
)
(d:/Latex/texlive/2020/texmf-dist/tex/latex/ctex/ctexpatch.sty
Package: ctexpatch 2019/05/29 v2.4.16 Patching commands (CTEX)
)
(d:/Latex/texlive/2020/texmf-dist/tex/latex/base/fix-cm.sty
Package: fix-cm 2015/01/14 v1.1t fixes to LaTeX

(d:/Latex/texlive/2020/texmf-dist/tex/latex/base/ts1enc.def
File: ts1enc.def 2001/06/05 v3.0e (jk/car/fm) Standard LaTeX file
LaTeX Font Info:    Redeclaring font encoding TS1 on input line 47.
))
(d:/Latex/texlive/2020/texmf-dist/tex/latex/ms/everysel.sty
Package: everysel 2011/10/28 v1.2 EverySelectfont Package (MS)
)
\l__ctex_tmp_int=\count176
\l__ctex_tmp_box=\box46
\l__ctex_tmp_dim=\dimen135
\g__ctex_section_depth_int=\count177
\g__ctex_font_size_int=\count178

(d:/Latex/texlive/2020/texmf-dist/tex/latex/ctex/config/ctexopts.cfg
File: ctexopts.cfg 2019/05/29 v2.4.16 Option configuration file (CTEX)
)
(d:/Latex/texlive/2020/texmf-dist/tex/latex/ctex/engine/ctex-engine-luatex.def
File: ctex-engine-luatex.def 2019/05/29 v2.4.16 LuaLaTeX adapter (CTEX)

(d:/Latex/texlive/2020/texmf-dist/tex/luatex/luatexja/luatexja.sty
Package: luatexja 2020/03/01 Japanese Typesetting with Lua(La)TeX

(d:/Latex/texlive/2020/texmf-dist/tex/luatex/luatexja/luatexja-core.sty
Package: luatexja-core 2017/11/12 Core of LuaTeX-ja

(d:/Latex/texlive/2020/texmf-dist/tex/luatex/luatexbase/luatexbase.sty
Package: luatexbase 2015/10/04 v1.3 luatexbase interface to LuaTeX 

(d:/Latex/texlive/2020/texmf-dist/tex/luatex/ctablestack/ctablestack.sty
Package: ctablestack 2015/10/01 v1.0 Catcode table stable support
\@catcodetablestackcnt=\count179
)
\CatcodeTableOther=\catcodetable5
\CatcodeTableExpl=\catcodetable6
)
(d:/Latex/texlive/2020/texmf-dist/tex/generic/ltxcmds/ltxcmds.sty
Package: ltxcmds 2019/12/15 v1.24 LaTeX kernel commands for general use (HO)
)
(d:/Latex/texlive/2020/texmf-dist/tex/latex/pdftexcmds/pdftexcmds.sty
Package: pdftexcmds 2019/11/24 v0.31 Utility functions of pdfTeX for LuaTeX (HO)


(d:/Latex/texlive/2020/texmf-dist/tex/generic/infwarerr/infwarerr.sty
Package: infwarerr 2019/12/03 v1.5 Providing info/warning/error messages (HO)
)
(d:/Latex/texlive/2020/texmf-dist/tex/generic/iftex/iftex.sty
Package: iftex 2020/03/06 v1.0d TeX engine tests
)
Package pdftexcmds Info: \pdf@primitive is available.
Package pdftexcmds Info: \pdf@ifprimitive is available.
Package pdftexcmds Info: \pdfdraftmode found.
\pdftexcmds@toks=\toks17
)
(d:/Latex/texlive/2020/texmf-dist/tex/latex/xkeyval/xkeyval.sty
Package: xkeyval 2014/12/03 v2.7a package option processing (HA)

(d:/Latex/texlive/2020/texmf-dist/tex/generic/xkeyval/xkeyval.tex
(d:/Latex/texlive/2020/texmf-dist/tex/generic/xkeyval/xkvutils.tex
\XKV@toks=\toks18
\XKV@tempa@toks=\toks19

(d:/Latex/texlive/2020/texmf-dist/tex/generic/xkeyval/keyval.tex))
\XKV@depth=\count180
File: xkeyval.tex 2014/12/03 v2.7a key=value parser (HA)
))
(d:/Latex/texlive/2020/texmf-dist/tex/generic/atbegshi/atbegshi.sty
Package: atbegshi 2019/12/05 v1.19 At begin shipout hook (HO)
)
(d:/Latex/texlive/2020/texmf-dist/tex/latex/etoolbox/etoolbox.sty
Package: etoolbox 2019/09/21 v2.5h e-TeX tools for LaTeX (JAW)
\etb@tempcnta=\count181
)
\AtBeginShipoutBox=\box47

(d:/Latex/texlive/2020/texmf-dist/tex/latex/everyhook/everyhook.sty
(d:/Latex/texlive/2020/texmf-dist/tex/latex/svn-prov/svn-prov.sty
Package: svn-prov 2010/04/24 v3.1862 Package Date/Version from SVN Keywords
)
Package: everyhook 2014/11/26 v1.2 (SVN Rev: 12)\ Hooks for low level TeX everyX
 primitives.
\everypar=\toks20
\frozen@everymath=\toks21
\frozen@everydisplay=\toks22
\everyhbox=\toks23
\everyvbox=\toks24
\everycr=\toks25
)
\ltjlineendcomment=\count182
\ltj@dimen@zw=\dimen136
\ltj@dimen@zh=\dimen137
\ltj@dimen@jQ=\dimen138
\ltj@icflag=\attribute6
\ltj@curjfnt=\attribute7
\ltj@curtfnt=\attribute8
\ltj@charclass=\attribute9
\ltj@charcode=\attribute10
\ltj@autospc=\attribute11
\ltj@autoxspc=\attribute12
\ltj@yablshift=\attribute13
\ltj@ykblshift=\attribute14
\ltj@tablshift=\attribute15
\ltj@tkblshift=\attribute16
\jfam=\attribute17
\ltj@vert@ori=\attribute18
\ltj@dir=\attribute19
\ltj@@japanese=\language2
\ltj@tempcnta=\count183
\ltj@kcat0=\attribute20
\ltj@kcat1=\attribute21
\ltj@kcat2=\attribute22
\ltj@kcat3=\attribute23
\ltj@kcat4=\attribute24
\ltj@kcat5=\attribute25
\ltj@kcat6=\attribute26
Custom whatsit inhibitglue = 1
Custom whatsit stack_marker = 2
Custom whatsit begin_par = 3
Custom whatsit direction = 4
Custom whatsit box_boundary = 5
Custom whatsit ja_al_boundary = 6(load cache: C:/Users/”ˆº˚÷ªŒ™‘∂∑Ω/.texlive2020
/texmf-var/luatexja/ltj-cid-auto-adobe-japan1.luc)
Lua module: luatexja.charrange 2019/09/26 Handling the range of Japanese charact
ers
Lua module: luatexja.stack 2019/09/26 LuaTeX-ja stack system
Inserting `ltj.create_dir_whatsit' at position 2 in `hpack_filter'.
Inserting `ltj.create_dir_whatsit' at position 1 in `post_linebreak_filter'.
Inserting `ltj.direction' at position 1 in `vpack_filter'.
Inserting `ltj.direction' at position 2 in `pre_output_filter'.
Inserting `ltj.lineskip' at position 2 in `post_linebreak_filter'.
Inserting `ltj.lineskip' at position 1 in `append_to_vlist_filter'.
Lua module: luatexja.jfont 2019/09/26 Loader for Japanese fonts
Removing  `luaotfload.define_font' from `define_font'.
Inserting `luatexja.font_callback' at position 1 in `define_font'.
Removing  `luaotfload.aux.set_sscale_dimens' from `luaotfload.patch_font'.
Removing  `luaotfload.aux.set_font_index' from `luaotfload.patch_font'.
Removing  `luaotfload.aux.patch_cambria_domh' from `luaotfload.patch_font'.
Removing  `luaotfload.aux.set_capheight' from `luaotfload.patch_font'.
Removing  `luaotfload.aux.set_xheight' from `luaotfload.patch_font'.
Removing  `luaotfload.rewrite_fontname' from `luaotfload.patch_font'.
Inserting `ltj.prepare_extra_data' at position 1 in `luaotfload.patch_font'.
Inserting `luaotfload.aux.set_sscale_dimens' at position 2 in `luaotfload.patch_
font'.
Inserting `luaotfload.aux.set_font_index' at position 3 in `luaotfload.patch_fon
t'.
Inserting `luaotfload.aux.patch_cambria_domh' at position 4 in `luaotfload.patch
_font'.
Inserting `luaotfload.aux.set_capheight' at position 5 in `luaotfload.patch_font
'.
Inserting `luaotfload.aux.set_xheight' at position 6 in `luaotfload.patch_font'.
Inserting `luaotfload.rewrite_fontname' at position 7 in `luaotfload.patch_font'
.
Inserting `ltj.prepare_extra_data' at position 1 in `luatexja.define_font'.
Inserting `ltj.get_vert_form' at position 1 in `luatexja.define_jfont'.
Removing  `ltj.prepare_extra_data' from `luaotfload.patch_font'.
Removing  `luaotfload.aux.set_sscale_dimens' from `luaotfload.patch_font'.
Removing  `luaotfload.aux.set_font_index' from `luaotfload.patch_font'.
Removing  `luaotfload.aux.patch_cambria_domh' from `luaotfload.patch_font'.
Removing  `luaotfload.aux.set_capheight' from `luaotfload.patch_font'.
Removing  `luaotfload.aux.set_xheight' from `luaotfload.patch_font'.
Removing  `luaotfload.rewrite_fontname' from `luaotfload.patch_font'.
Inserting `ltj.supply_tounicode' at position 1 in `luaotfload.patch_font'.
Inserting `ltj.prepare_extra_data' at position 2 in `luaotfload.patch_font'.
Inserting `luaotfload.aux.set_sscale_dimens' at position 3 in `luaotfload.patch_
font'.
Inserting `luaotfload.aux.set_font_index' at position 4 in `luaotfload.patch_fon
t'.
Inserting `luaotfload.aux.patch_cambria_domh' at position 5 in `luaotfload.patch
_font'.
Inserting `luaotfload.aux.set_capheight' at position 6 in `luaotfload.patch_font
'.
Inserting `luaotfload.aux.set_xheight' at position 7 in `luaotfload.patch_font'.
Inserting `luaotfload.rewrite_fontname' at position 8 in `luaotfload.patch_font'
.
Inserting `ltj.process_input_buffer' at position 1 in `process_input_buffer'.
Inserting `ltj.hyphenate' at position 1 in `hyphenate'.
Removing  `luaotfload.node_processor' from `hpack_filter'.
Removing  `ltj.create_dir_whatsit' from `hpack_filter'.
Inserting `ltj.set_stack_level' at position 1 in `hpack_filter'.
Inserting `luaotfload.node_processor' at position 2 in `hpack_filter'.
Inserting `ltj.create_dir_whatsit' at position 3 in `hpack_filter'.
Removing  `luaotfload.node_processor' from `pre_linebreak_filter'.
Inserting `ltj.set_stack_level' at position 1 in `pre_linebreak_filter'.
Inserting `luaotfload.node_processor' at position 2 in `pre_linebreak_filter'.
Lua module: luatexja.jfmglue 2020/01/23 Insertion process of JFM glues, [x]kanji
skip and others
Inserting `luatexja.beginpar.np_info' at position 1 in `luatexja.jfmglue.whatsit
_getinfo'.
Inserting `luatexja.beginpar.np_info_after' at position 1 in `luatexja.jfmglue.w
hatsit_after'.
Inserting `ltj.mlist_to_hlist_pre' at position 1 in `pre_mlist_to_hlist_filter'.
Inserting `ltj.main' at position 3 in `pre_linebreak_filter'.
Removing  `ltj.create_dir_whatsit' from `hpack_filter'.
Inserting `ltj.main' at position 3 in `hpack_filter'.
Inserting `ltj.create_dir_whatsit' at position 4 in `hpack_filter'.
Removing  `ltj.set_stack_level' from `pre_linebreak_filter'.
Removing  `luaotfload.node_processor' from `pre_linebreak_filter'.
Removing  `ltj.main' from `pre_linebreak_filter'.
Inserting `ltj.adjust_icflag' at position 1 in `pre_linebreak_filter'.
Inserting `ltj.set_stack_level' at position 2 in `pre_linebreak_filter'.
Inserting `luaotfload.node_processor' at position 3 in `pre_linebreak_filter'.
Inserting `ltj.main' at position 4 in `pre_linebreak_filter'.
Removing  `ltj.set_stack_level' from `hpack_filter'.
Removing  `luaotfload.node_processor' from `hpack_filter'.
Removing  `ltj.main' from `hpack_filter'.
Removing  `ltj.create_dir_whatsit' from `hpack_filter'.
Inserting `ltj.adjust_icflag' at position 1 in `hpack_filter'.
Inserting `ltj.set_stack_level' at position 2 in `hpack_filter'.
Inserting `luaotfload.node_processor' at position 3 in `hpack_filter'.
Inserting `ltj.main' at position 4 in `hpack_filter'.
Inserting `ltj.create_dir_whatsit' at position 5 in `hpack_filter'. (d:/Latex/t
exlive/2020/texmf-dist/tex/luatex/luatexja/ltj-base.sty
Package: ltj-base 2017/05/05
\ltj@tempcntb=\count184
\ltj@tempcntc=\count185
\ltj@tempdima=\dimen139
\ltj@afbox=\box48
)
\ltj@@italic@inner=\luafunction1
\ltj@@jfont@inner=\luafunction2
\ltj@zw@inner=\luafunction3
\ltj@zh@inner=\luafunction4
\ltj@reset@globaldefs@inner=\luafunction5
\ltj@restore@globaldefs@inner=\luafunction6
\ltj@@ihb@inner=\luafunction7
\ltj@@fakeparbegin@inner=\luafunction8
\ltj@@fakeboxbdd@inner=\luafunction9
\ltj@@stack=\count186
\ltj@@group@level=\count187
\ltjsetkanjiskip@inner=\luafunction10
\ltjsetxkanjiskip@inner=\luafunction11
\ltj@alljachar@inner=\luafunction12
\ltj@@box@dirhook=\luafunction13
\ltj@@reset@badness@inner=\luafunction14
\ltj@temp@cctb=\catcodetable7
)
(d:/Latex/texlive/2020/texmf-dist/tex/luatex/luatexja/luatexja-compat.sty
Package: luatexja-compat 2018/03/29 Compatibility with pTeX
(load cache: C:/Users/”ˆº˚÷ªŒ™‘∂∑Ω/.texlive2020/texmf-var/luatexja/ltj-jisx0208.
luc)
\hour=\count188
\minute=\count189
)) (d:/Latex/texlive/2020/texmf-dist/tex/latex/fontspec/fontspec.sty
Package: fontspec 2020/02/21 v2.7i Font selection for XeLaTeX and LuaLaTeX
Lua module: fontspec 2020/02/21 2.7i Font selection for XeLaTeX and LuaLaTeX
(d:/Latex/texlive/2020/texmf-dist/tex/latex/fontspec/fontspec-luatex.sty
Package: fontspec-luatex 2020/02/21 v2.7i Font selection for XeLaTeX and LuaLaTe
X
\l__fontspec_script_int=\count190
\l__fontspec_language_int=\count191
\l__fontspec_strnum_int=\count192
\l__fontspec_tmp_int=\count193
\l__fontspec_tmpa_int=\count194
\l__fontspec_tmpb_int=\count195
\l__fontspec_tmpc_int=\count196
\l__fontspec_em_int=\count197
\l__fontspec_emdef_int=\count198
\l__fontspec_strong_int=\count199
\l__fontspec_strongdef_int=\count266
\l__fontspec_tmpa_dim=\dimen140
\l__fontspec_tmpb_dim=\dimen141
\l__fontspec_tmpc_dim=\dimen142

(d:/Latex/texlive/2020/texmf-dist/tex/latex/base/fontenc.sty
Package: fontenc 2020/02/11 v2.0o Standard LaTeX package
)
(d:/Latex/texlive/2020/texmf-dist/tex/latex/fontspec/fontspec.cfg)))
(d:/Latex/texlive/2020/texmf-dist/tex/xelatex/xecjk/xunicode-addon.sty
Package: xunicode-addon 2020/02/18 v3.8.2 addon file for xunicode

(d:/Latex/texlive/2020/texmf-dist/tex/xelatex/xunicode/xunicode.sty
File: xunicode.sty 2011/09/09 v0.981 provides access to latin accents and many o
ther characters in Unicode lower plane

(d:/Latex/texlive/2020/texmf-dist/tex/latex/tipa/t3enc.def
File: t3enc.def 2001/12/31 T3 encoding
)
\tipaTiiicode=\count267
\tipasavetokens=\toks26
\tipachecktokens=\toks27

(d:/Latex/texlive/2020/texmf-dist/tex/latex/graphics/graphicx.sty
Package: graphicx 2019/11/30 v1.2a Enhanced LaTeX Graphics (DPC,SPQR)

(d:/Latex/texlive/2020/texmf-dist/tex/latex/graphics/graphics.sty
Package: graphics 2019/11/30 v1.4a Standard LaTeX Graphics (DPC,SPQR)

(d:/Latex/texlive/2020/texmf-dist/tex/latex/graphics/trig.sty
Package: trig 2016/01/03 v1.10 sin cos tan (DPC)
)
(d:/Latex/texlive/2020/texmf-dist/tex/latex/graphics-cfg/graphics.cfg
File: graphics.cfg 2016/06/04 v1.11 sample graphics configuration
)
Package graphics Info: Driver file: luatex.def on input line 105.
)
\Gin@req@height=\dimen143
\Gin@req@width=\dimen144
))
\l__xunadd_tmp_coffin=\box49
\l__xunadd_circle_coffin=\box50
\l_xunadd_slot_int=\count268
)
(d:/Latex/texlive/2020/texmf-dist/tex/xelatex/xunicode/xunicode.sty
File: xunicode.sty 2011/09/09 v0.981 provides access to latin accents and many o
ther characters in Unicode lower plane

*** Reloading Xunicode for encoding 'TU' ***
) (d:/Latex/texlive/2020/texmf-dist/tex/xelatex/xecjk/xunicode-extra.def
File: xunicode-extra.def 2020/02/18 v3.8.2 extra definition for xunicode
)
\symCJKmath=\mathgroup4
LaTeX Font Info:    Overwriting symbol font `CJKmath' in version `bold'
(Font)                  LTJY3/song/m/up --> LTJY3/song/b/up on input line 330.
\g__ctex_ltj_family_int=\count269


Package ctex Warning: Functions of `CJKfntef' is not available in LuaLaTeX.

\ccwd=\dimen145
\l__ctex_ccglue_skip=\skip49

LaTeX Font Warning: Font shape `LTJY3/song/m/n' undefined
(Font)              using `LTJY3/song/m/up' instead on input line 1106.

(load cache: C:/Users/”ˆº˚÷ªŒ™‘∂∑Ω/.texlive2020/texmf-var/luatexja/ltj-cid-auto-
adobe-gb1.luc)
(d:/Latex/texlive/2020/texmf-dist/tex/luatex/luatexja/jfm-quanjiao.lua)
\l__ctex_xkanjiskip_skip=\skip50
\cht=\dimen146
\cdp=\dimen147
\cwd=\dimen148
\g__ctex_kanjisize_func=\luafunction15
)
\l__ctex_ziju_dim=\dimen149

(d:/Latex/texlive/2020/texmf-dist/tex/latex/zhnumber/zhnumber.sty
Package: zhnumber 2019/04/07 v2.7 Typesetting numbers with Chinese glyphs
\l__zhnum_scale_int=\count270

(d:/Latex/texlive/2020/texmf-dist/tex/latex/zhnumber/zhnumber-utf8.cfg
File: zhnumber-utf8.cfg 2019/04/07 v2.7 Chinese numerals with UTF8 encoding
))
(d:/Latex/texlive/2020/texmf-dist/tex/latex/ctex/scheme/ctex-scheme-chinese.def
File: ctex-scheme-chinese.def 2019/05/29 v2.4.16 Chinese scheme for generic (CTE
X)
(d:/Latex/texlive/2020/texmf-dist/tex/latex/ctex/config/ctex-name-utf8.cfg
File: ctex-name-utf8.cfg 2019/05/29 v2.4.16 Caption with encoding UTF8 (CTEX)
))
(d:/Latex/texlive/2020/texmf-dist/tex/latex/tools/indentfirst.sty
Package: indentfirst 1995/11/23 v1.03 Indent first paragraph (DPC)
)
(d:/Latex/texlive/2020/texmf-dist/tex/latex/ctex/ctex-c5size.clo
File: ctex-c5size.clo 2019/05/29 v2.4.16 c5size option (CTEX)
)
(d:/Latex/texlive/2020/texmf-dist/tex/latex/ctex/fontset/ctex-fontset-windows.d
ef
File: ctex-fontset-windows.def 2019/05/29 v2.4.16 Windows fonts definition (CTEX
)

(d:/Latex/texlive/2020/texmf-dist/tex/latex/ctex/fontset/ctex-fontset-windowsne
w.def
File: ctex-fontset-windowsnew.def 2019/05/29 v2.4.16 Windows fonts definition fo
r Vista or later version (CTEX)
))) (d:/Latex/texlive/2020/texmf-dist/tex/latex/ctex/config/ctex.cfg
File: ctex.cfg 2019/05/29 v2.4.16 Configuration file (CTEX)
)
(d:/Latex/texlive/2020/texmf-dist/tex/latex/underscore/underscore.sty
Package: underscore 2006/09/13
LaTeX Info: Redefining \_ on input line 42.
)
(d:/Latex/texlive/2020/texmf-dist/tex/latex/geometry/geometry.sty
Package: geometry 2020/01/02 v5.9 Page Geometry

(d:/Latex/texlive/2020/texmf-dist/tex/generic/iftex/ifvtex.sty
Package: ifvtex 2019/10/25 v1.7 ifvtex legacy package. Use iftex instead.
)
\Gm@cnth=\count271
\Gm@cntv=\count272
\c@Gm@tempcnt=\count273
\Gm@bindingoffset=\dimen150
\Gm@wd@mp=\dimen151
\Gm@odd@mp=\dimen152
\Gm@even@mp=\dimen153
\Gm@layoutwidth=\dimen154
\Gm@layoutheight=\dimen155
\Gm@layouthoffset=\dimen156
\Gm@layoutvoffset=\dimen157
\Gm@dimlist=\toks28
)
(d:/Latex/texlive/2020/texmf-dist/tex/latex/braket/braket.sty)
(d:/Latex/texlive/2020/texmf-dist/tex/latex/listing/listing.sty
Package: listing 1999/05/25

Package `listing', V1.2, <1999/05/25>
\c@listing=\count274
) (d:/Latex/texlive/2020/texmf-dist/tex/latex/hyperref/hyperref.sty
Package: hyperref 2020/01/14 v7.00d Hypertext links for LaTeX

(d:/Latex/texlive/2020/texmf-dist/tex/generic/kvsetkeys/kvsetkeys.sty
Package: kvsetkeys 2019/12/15 v1.18 Key value parser (HO)
)
(d:/Latex/texlive/2020/texmf-dist/tex/generic/kvdefinekeys/kvdefinekeys.sty
Package: kvdefinekeys 2019-12-19 v1.6 Define keys (HO)
)
(d:/Latex/texlive/2020/texmf-dist/tex/generic/pdfescape/pdfescape.sty
Package: pdfescape 2019/12/09 v1.15 Implements pdfTeX's escape features (HO)
)
(d:/Latex/texlive/2020/texmf-dist/tex/latex/hycolor/hycolor.sty
Package: hycolor 2020-01-27 v1.10 Color options for hyperref/bookmark (HO)
)
(d:/Latex/texlive/2020/texmf-dist/tex/latex/letltxmacro/letltxmacro.sty
Package: letltxmacro 2019/12/03 v1.6 Let assignment for LaTeX macros (HO)
)
(d:/Latex/texlive/2020/texmf-dist/tex/latex/auxhook/auxhook.sty
Package: auxhook 2019-12-17 v1.6 Hooks for auxiliary files (HO)
)
(d:/Latex/texlive/2020/texmf-dist/tex/latex/kvoptions/kvoptions.sty
Package: kvoptions 2019/11/29 v3.13 Key value format for package options (HO)
)
\@linkdim=\dimen158
\Hy@linkcounter=\count275
\Hy@pagecounter=\count276

(d:/Latex/texlive/2020/texmf-dist/tex/latex/hyperref/pd1enc.def
File: pd1enc.def 2020/01/14 v7.00d Hyperref: PDFDocEncoding definition (HO)
)
(d:/Latex/texlive/2020/texmf-dist/tex/generic/intcalc/intcalc.sty
Package: intcalc 2019/12/15 v1.3 Expandable calculations with integers (HO)
)
(d:/Latex/texlive/2020/texmf-dist/tex/generic/etexcmds/etexcmds.sty
Package: etexcmds 2019/12/15 v1.7 Avoid name clashes with e-TeX commands (HO)
)
\Hy@SavedSpaceFactor=\count277
Package hyperref Info: Option `unicode' set `true' on input line 4421.

(d:/Latex/texlive/2020/texmf-dist/tex/latex/hyperref/puenc.def
File: puenc.def 2020/01/14 v7.00d Hyperref: PDF Unicode definition (HO)
)
Package hyperref Info: Hyper figures OFF on input line 4547.
Package hyperref Info: Link nesting OFF on input line 4552.
Package hyperref Info: Hyper index ON on input line 4555.
Package hyperref Info: Plain pages OFF on input line 4562.
Package hyperref Info: Backreferencing OFF on input line 4567.
Package hyperref Info: Implicit mode ON; LaTeX internals redefined.
Package hyperref Info: Bookmarks ON on input line 4800.
\c@Hy@tempcnt=\count278

(d:/Latex/texlive/2020/texmf-dist/tex/latex/url/url.sty
\Urlmuskip=\muskip16
Package: url 2013/09/16  ver 3.4  Verb mode for urls, etc.
)
LaTeX Info: Redefining \url on input line 5159.
\XeTeXLinkMargin=\dimen159

(d:/Latex/texlive/2020/texmf-dist/tex/generic/bitset/bitset.sty
Package: bitset 2019/12/09 v1.3 Handle bit-vector datatype (HO)

(d:/Latex/texlive/2020/texmf-dist/tex/generic/bigintcalc/bigintcalc.sty
Package: bigintcalc 2019/12/15 v1.5 Expandable calculations on big integers (HO)

))
\Fld@menulength=\count279
\Field@Width=\dimen160
\Fld@charsize=\dimen161
Package hyperref Info: Hyper figures OFF on input line 6430.
Package hyperref Info: Link nesting OFF on input line 6435.
Package hyperref Info: Hyper index ON on input line 6438.
Package hyperref Info: backreferencing OFF on input line 6445.
Package hyperref Info: Link coloring OFF on input line 6450.
Package hyperref Info: Link coloring with OCG OFF on input line 6455.
Package hyperref Info: PDF/A mode OFF on input line 6460.
LaTeX Info: Redefining \ref on input line 6500.
LaTeX Info: Redefining \pageref on input line 6504.
\Hy@abspage=\count280
\c@Item=\count281
\c@Hfootnote=\count282
)
Package hyperref Info: Driver (autodetected): hluatex.

(d:/Latex/texlive/2020/texmf-dist/tex/latex/hyperref/hluatex.def
File: hluatex.def 2020/01/14 v7.00d Hyperref driver for luaTeX

(d:/Latex/texlive/2020/texmf-dist/tex/generic/stringenc/stringenc.sty
Package: stringenc 2019/11/29 v1.12 Convert strings between diff. encodings (HO)

)
(d:/Latex/texlive/2020/texmf-dist/tex/latex/atveryend/atveryend.sty
Package: atveryend 2019-12-11 v1.11 Hooks at the very end of document (HO)
)
\Fld@listcount=\count283
\c@bookmark@seq@number=\count284

(d:/Latex/texlive/2020/texmf-dist/tex/latex/rerunfilecheck/rerunfilecheck.sty
Package: rerunfilecheck 2019/12/05 v1.9 Rerun checks for auxiliary files (HO)

(d:/Latex/texlive/2020/texmf-dist/tex/generic/uniquecounter/uniquecounter.sty
Package: uniquecounter 2019/12/15 v1.4 Provide unlimited unique counter (HO)
)
Package uniquecounter Info: New unique counter `rerunfilecheck' on input line 28
6.
)
\Hy@SectionHShift=\skip51
)
Package hyperref Info: Option `colorlinks' set `true' on input line 21.
 (d:/Latex/texlive/2020/texmf-dist/tex/latex/pythontex/pythontex.sty
Package: pythontex 2019/09/22 v0.17 execute and typeset Python code and other la
nguages

(d:/Latex/texlive/2020/texmf-dist/tex/latex/fvextra/fvextra.sty
Package: fvextra 2019/02/04 v1.4 fvextra - extensions and patches for fancyvrb

(d:/Latex/texlive/2020/texmf-dist/tex/latex/base/ifthen.sty
Package: ifthen 2014/09/29 v1.1c Standard LaTeX ifthen package (DPC)
)
(d:/Latex/texlive/2020/texmf-dist/tex/latex/fancyvrb/fancyvrb.sty
Package: fancyvrb 2020/01/13 v3.5 verbatim text (tvz,hv)
\FV@CodeLineNo=\count285
\FV@InFile=\read3
\FV@TabBox=\box51
\c@FancyVerbLine=\count286
\FV@StepNumber=\count287
\FV@OutFile=\write3
)
(d:/Latex/texlive/2020/texmf-dist/tex/latex/upquote/upquote.sty
Package: upquote 2012/04/19 v1.3 upright-quote and grave-accent glyphs in verbat
im

(d:/Latex/texlive/2020/texmf-dist/tex/latex/base/textcomp.sty
Package: textcomp 2020/02/02 v2.0n Standard LaTeX package
))
(d:/Latex/texlive/2020/texmf-dist/tex/latex/lineno/lineno.sty
Package: lineno 2005/11/02 line numbers on paragraphs v4.41
\linenopenalty=\count288
\output=\toks29
\linenoprevgraf=\count289
\linenumbersep=\dimen162
\linenumberwidth=\dimen163
\c@linenumber=\count290
\c@pagewiselinenumber=\count291
\c@LN@truepage=\count292
\c@internallinenumber=\count293
\c@internallinenumbers=\count294
\quotelinenumbersep=\dimen164
\bframerule=\dimen165
\bframesep=\dimen166
\bframebox=\box52
LaTeX Info: Redefining \\ on input line 3056.
)
\c@FV@TrueTabGroupLevel=\count295
\c@FV@TrueTabCounter=\count296
\FV@TabBox@Group=\box53
\FV@TmpLength=\skip52
\c@FV@HighlightLinesStart=\count297
\c@FV@HighlightLinesStop=\count298
\FV@LoopCount=\count299
\FV@NCharsBox=\box54
\FV@BreakIndent=\dimen167
\FV@BreakIndentNChars=\count300
\FV@BreakSymbolSepLeft=\dimen168
\FV@BreakSymbolSepLeftNChars=\count301
\FV@BreakSymbolSepRight=\dimen169
\FV@BreakSymbolSepRightNChars=\count302
\FV@BreakSymbolIndentLeft=\dimen170
\FV@BreakSymbolIndentLeftNChars=\count303
\FV@BreakSymbolIndentRight=\dimen171
\FV@BreakSymbolIndentRightNChars=\count304
\c@FancyVerbLineBreakLast=\count305
\FV@LineBox=\box55
\FV@LineIndentBox=\box56
\FV@LineWidth=\dimen172
)
(d:/Latex/texlive/2020/texmf-dist/tex/generic/xstring/xstring.sty
(d:/Latex/texlive/2020/texmf-dist/tex/generic/xstring/xstring.tex
\integerpart=\count306
\decimalpart=\count307
)
Package: xstring 2019/02/06 v1.83 String manipulations (CT)
)
(d:/Latex/texlive/2020/texmf-dist/tex/latex/pgfopts/pgfopts.sty
Package: pgfopts 2014/07/10 v2.1a LaTeX package options with pgfkeys

(d:/Latex/texlive/2020/texmf-dist/tex/latex/pgf/utilities/pgfkeys.sty
(d:/Latex/texlive/2020/texmf-dist/tex/generic/pgf/utilities/pgfkeys.code.tex
\pgfkeys@pathtoks=\toks30
\pgfkeys@temptoks=\toks31

(d:/Latex/texlive/2020/texmf-dist/tex/generic/pgf/utilities/pgfkeysfiltered.cod
e.tex
\pgfkeys@tmptoks=\toks32
)))
\pgfopts@list@add@a@toks=\toks33
\pgfopts@list@add@b@toks=\toks34
) (d:/Latex/texlive/2020/texmf-dist/tex/latex/newfloat/newfloat.sty
Package: newfloat 2019/09/02 v1.1l Defining new floating environments (AR)
)
(d:/Latex/texlive/2020/texmf-dist/tex/latex/currfile/currfile.sty
Package: currfile 2015/04/23 v0.7c Provides the file path elements of the curren
t input file

(d:/Latex/texlive/2020/texmf-dist/tex/latex/filehook/filehook.sty
Package: filehook 2020/02/03 v0.7 Hooks for input files
)
\c@currfiledepth=\count308
)
\pytx@codefile=\write4

\openout4 = finall.pytxcode
\c@pytx@FancyVerbLineTemp=\count309
\c@pytx@py@default@default=\count310
\c@pytx@pycon@default@default=\count311
\c@pytx@sympy@default@default=\count312
\c@pytx@sympycon@default@default=\count313
\c@pytx@pylab@default@default=\count314
\c@pytx@pylabcon@default@default=\count315
)
(d:/Latex/texlive/2020/texmf-dist/tex/latex/import/import.sty
Package: import 2020/01/22  v 6.0
)
(d:/Latex/texlive/2020/texmf-dist/tex/latex/xifthen/xifthen.sty
Package: xifthen 2015/11/05 v1.4.0 Extended ifthen features

(d:/Latex/texlive/2020/texmf-dist/tex/latex/tools/calc.sty
Package: calc 2017/05/25 v4.3 Infix arithmetic (KKT,FJ)
\calc@Acount=\count316
\calc@Bcount=\count317
\calc@Adimen=\dimen173
\calc@Bdimen=\dimen174
\calc@Askip=\skip53
\calc@Bskip=\skip54
LaTeX Info: Redefining \setlength on input line 80.
LaTeX Info: Redefining \addtolength on input line 81.
\calc@Ccount=\count318
\calc@Cskip=\skip55
)
(d:/Latex/texlive/2020/texmf-dist/tex/latex/ifmtarg/ifmtarg.sty
Package: ifmtarg 2018/04/16 v1.2b check for an empty argument
))
(d:/Latex/texlive/2020/texmf-dist/tex/latex/pdfpages/pdfpages.sty
Package: pdfpages 2020/01/28 v0.5q Insert pages of external PDF documents (AM)

(d:/Latex/texlive/2020/texmf-dist/tex/latex/eso-pic/eso-pic.sty
Package: eso-pic 2018/04/12 v2.0h eso-pic (RN)
)
\AM@pagewidth=\dimen175
\AM@pageheight=\dimen176

(d:/Latex/texlive/2020/texmf-dist/tex/latex/pdfpages/ppluatex.def
File: ppluatex.def 2020/01/28 v0.5q Pdfpages driver for LuaTeX (AM)
)
\AM@pagebox=\box57
\AM@global@opts=\toks35
\AM@pagecnt=\count319
\AM@toc@title=\toks36
\c@AM@survey=\count320
\AM@templatesizebox=\box58
)
(d:/Latex/texlive/2020/texmf-dist/tex/latex/transparent/transparent.sty
Package: transparent 2019/11/29 v1.4 Transparency via pdfTeX's color stack (HO)
)
(d:/Latex/texlive/2020/texmf-dist/tex/latex/framed/framed.sty
Package: framed 2011/10/22 v 0.96: framed or shaded text with page breaks
\OuterFrameSep=\skip56
\fb@frw=\dimen177
\fb@frh=\dimen178
\FrameRule=\dimen179
\FrameSep=\dimen180
)
(d:/Latex/texlive/2020/texmf-dist/tex/latex/xcolor/xcolor.sty
Package: xcolor 2016/05/11 v2.12 LaTeX color extensions (UK)

(d:/Latex/texlive/2020/texmf-dist/tex/latex/graphics-cfg/color.cfg
File: color.cfg 2016/01/02 v1.6 sample color configuration
)
Package xcolor Info: Driver file: luatex.def on input line 225.
LaTeX Info: Redefining \color on input line 709.
Package xcolor Info: Model `cmy' substituted by `cmy0' on input line 1348.
Package xcolor Info: Model `hsb' substituted by `rgb' on input line 1352.
Package xcolor Info: Model `RGB' extended on input line 1364.
Package xcolor Info: Model `HTML' substituted by `rgb' on input line 1366.
Package xcolor Info: Model `Hsb' substituted by `hsb' on input line 1367.
Package xcolor Info: Model `tHsb' substituted by `hsb' on input line 1368.
Package xcolor Info: Model `HSB' substituted by `hsb' on input line 1369.
Package xcolor Info: Model `Gray' substituted by `gray' on input line 1370.
Package xcolor Info: Model `wave' substituted by `hsb' on input line 1371.

(d:/Latex/texlive/2020/texmf-dist/tex/latex/graphics/dvipsnam.def
File: dvipsnam.def 2016/06/17 v3.0m Driver-dependent file (DPC,SPQR)
)
(d:/Latex/texlive/2020/texmf-dist/tex/latex/xcolor/svgnam.def
File: svgnam.def 2016/05/11 v2.12 Predefined colors according to SVG 1.1 (UK)
))
(d:/Latex/texlive/2020/texmf-dist/tex/latex/changepage/changepage.sty
Package: changepage 2009/10/20 v1.0c check page and change page layout
\c@cp@cntr=\count321
\cp@tempcnt=\count322
)
(d:/Latex/texlive/2020/texmf-dist/tex/latex/soul/soul.sty
Package: soul 2003/11/17 v2.4 letterspacing/underlining (mf)
\SOUL@word=\toks37
\SOUL@lasttoken=\toks38
\SOUL@cmds=\toks39
\SOUL@buffer=\toks40
\SOUL@token=\toks41
\SOUL@spaceskip=\skip57
\SOUL@ttwidth=\dimen181
\SOUL@uldp=\dimen182
\SOUL@ulht=\dimen183
)
(d:/Latex/texlive/2020/texmf-dist/tex/latex/abstract/abstract.sty
Package: abstract 2009/06/08 v1.2a configurable abstracts
\abstitleskip=\skip58
\absleftindent=\skip59
\absrightindent=\skip60
\absparindent=\skip61
\absparsep=\skip62
)
(d:/Latex/texlive/2020/texmf-dist/tex/latex/amsmath/amsmath.sty
Package: amsmath 2020/01/20 v2.17e AMS math features
\@mathmargin=\skip63

For additional information on amsmath, use the `?' option.
(d:/Latex/texlive/2020/texmf-dist/tex/latex/amsmath/amstext.sty
Package: amstext 2000/06/29 v2.01 AMS text

(d:/Latex/texlive/2020/texmf-dist/tex/latex/amsmath/amsgen.sty
File: amsgen.sty 1999/11/30 v2.0 generic functions
\@emptytoks=\toks42
\ex@=\dimen184
))
(d:/Latex/texlive/2020/texmf-dist/tex/latex/amsmath/amsbsy.sty
Package: amsbsy 1999/11/29 v1.2d Bold Symbols
\pmbraise@=\dimen185
)
(d:/Latex/texlive/2020/texmf-dist/tex/latex/amsmath/amsopn.sty
Package: amsopn 2016/03/08 v2.02 operator names
)
\inf@bad=\count323
LaTeX Info: Redefining \frac on input line 227.
\uproot@=\count324
\leftroot@=\count325
LaTeX Info: Redefining \overline on input line 389.
\classnum@=\count326
\DOTSCASE@=\count327
LaTeX Info: Redefining \ldots on input line 486.
LaTeX Info: Redefining \dots on input line 489.
LaTeX Info: Redefining \cdots on input line 610.
\Mathstrutbox@=\box59
\strutbox@=\box60
\big@size=\dimen186
LaTeX Font Info:    Redeclaring font encoding OML on input line 733.
LaTeX Font Info:    Redeclaring font encoding OMS on input line 734.
\macc@depth=\count328
\c@MaxMatrixCols=\count329
\dotsspace@=\muskip17
\c@parentequation=\count330
\dspbrk@lvl=\count331
\tag@help=\toks43
\row@=\count332
\column@=\count333
\maxfields@=\count334
\andhelp@=\toks44
\eqnshift@=\dimen187
\alignsep@=\dimen188
\tagshift@=\dimen189
\tagwidth@=\dimen190
\totwidth@=\dimen191
\lineht@=\dimen192
\@envbody=\toks45
\multlinegap=\skip64
\multlinetaggap=\skip65
\mathdisplay@stack=\toks46
LaTeX Info: Redefining \[ on input line 2859.
LaTeX Info: Redefining \] on input line 2860.
)
(d:/Latex/texlive/2020/texmf-dist/tex/latex/amscls/amsthm.sty
Package: amsthm 2017/10/31 v2.20.4
\thm@style=\toks47
\thm@bodyfont=\toks48
\thm@headfont=\toks49
\thm@notefont=\toks50
\thm@headpunct=\toks51
\thm@preskip=\skip66
\thm@postskip=\skip67
\thm@headsep=\skip68
\dth@everypar=\toks52
)
(d:/Latex/texlive/2020/texmf-dist/tex/latex/amsfonts/amssymb.sty
Package: amssymb 2013/01/14 v3.01 AMS font symbols

(d:/Latex/texlive/2020/texmf-dist/tex/latex/amsfonts/amsfonts.sty
Package: amsfonts 2013/01/14 v3.01 Basic AMSFonts support
\symAMSa=\mathgroup5
\symAMSb=\mathgroup6
LaTeX Font Info:    Redeclaring math symbol \hbar on input line 98.
LaTeX Font Info:    Overwriting math alphabet `\mathfrak' in version `bold'
(Font)                  U/euf/m/n --> U/euf/b/n on input line 106.
))
(d:/Latex/texlive/2020/texmf-dist/tex/latex/fancyhdr/fancyhdr.sty
Package: fancyhdr 2019/01/31 v3.10 Extensive control of page headers and footers

\f@nch@headwidth=\skip69
\f@nch@O@elh=\skip70
\f@nch@O@erh=\skip71
\f@nch@O@olh=\skip72
\f@nch@O@orh=\skip73
\f@nch@O@elf=\skip74
\f@nch@O@erf=\skip75
\f@nch@O@olf=\skip76
\f@nch@O@orf=\skip77
)
(d:/Latex/texlive/2020/texmf-dist/tex/latex/comment/comment.sty
\CommentStream=\write5

Excluding comment 'comment')
(d:/Latex/texlive/2020/texmf-dist/tex/latex/environ/environ.sty
Package: environ 2014/05/04 v0.3 A new way to define environments

(d:/Latex/texlive/2020/texmf-dist/tex/latex/trimspaces/trimspaces.sty
Package: trimspaces 2009/09/17 v1.1 Trim spaces around a token list
))
(d:/Latex/texlive/2020/texmf-dist/tex/latex/titlesec/titlesec.sty
Package: titlesec 2019/10/16 v2.13 Sectioning titles
\ttl@box=\box61
\beforetitleunit=\skip78
\aftertitleunit=\skip79
\ttl@plus=\dimen193
\ttl@minus=\dimen194
\ttl@toksa=\toks53
\titlewidth=\dimen195
\titlewidthlast=\dimen196
\titlewidthfirst=\dimen197
)
luaotfload | cache : Lookup cache loaded from D:/Latex/texlive/2020/texmf-var/lu
atex-cache/generic-dev/names/luaotfload-lookup-cache.luc.

Package fontspec Info: Could not resolve font "KaiTi/B" (it probably doesn't
(fontspec)             exist).


Package fontspec Info: Could not resolve font "SimHei/I" (it probably doesn't
(fontspec)             exist).


Package fontspec Info: Could not resolve font "SimSun/BI" (it probably doesn't
(fontspec)             exist).

luaotfload | aux : font no 40 (nil) does not define feature smcp for script latn
 with language dflt
luaotfload | aux : font no 41 (nil) does not define feature smcp for script latn
 with language dflt
luaotfload | aux : font no 42 (nil) does not define feature smcp for script latn
 with language dflt

Package fontspec Info: Font family 'SimSun(0)' created for font 'SimSun' with
(fontspec)             options
(fontspec)             [JFM=quanjiao,BoldFont={SimHei},ItalicFont={KaiTi},LTJFON
TUID=1].
(fontspec)              
(fontspec)              This font family consists of the following NFSS
(fontspec)             series/shapes:
(fontspec)              
(fontspec)             - 'normal' (m/n) with NFSS spec.:
(fontspec)             <->"SimSun:mode=node;script=latn;language=dflt;jfm=quanji
ao;"
(fontspec)             - 'small caps'  (m/sc) with NFSS spec.: 
(fontspec)             - 'bold' (b/n) with NFSS spec.:
(fontspec)             <->"SimHei:mode=node;script=latn;language=dflt;jfm=quanji
ao;"
(fontspec)             - 'bold small caps'  (b/sc) with NFSS spec.: 
(fontspec)             - 'italic' (m/it) with NFSS spec.:
(fontspec)             <->"KaiTi:mode=node;script=latn;language=dflt;jfm=quanjia
o;"
(fontspec)             - 'italic small caps'  (m/scit) with NFSS spec.: 

LaTeX Font Info:    Redeclaring symbol font `CJKmath' on input line 88.
LaTeX Font Info:    Overwriting symbol font `CJKmath' in version `normal'
(Font)                  LTJY3/song/m/up --> LTJY3/SimSun(0)/m/up on input line 8
8.
LaTeX Font Info:    Overwriting symbol font `CJKmath' in version `bold'
(Font)                  LTJY3/song/b/up --> LTJY3/SimSun(0)/m/up on input line 8
8.
LaTeX Font Info:    Overwriting symbol font `CJKmath' in version `bold'
(Font)                  LTJY3/SimSun(0)/m/up --> LTJY3/SimSun(0)/m/up on input l
ine 88.


LaTeX Warning: Unused global option(s):
    [22pt].

(./finall.aux)
\openout1 = finall.aux

LaTeX Font Info:    Checking defaults for OML/cmm/m/it on input line 88.
LaTeX Font Info:    ... okay on input line 88.
LaTeX Font Info:    Checking defaults for OMS/cmsy/m/n on input line 88.
LaTeX Font Info:    ... okay on input line 88.
LaTeX Font Info:    Checking defaults for OT1/cmr/m/n on input line 88.
LaTeX Font Info:    ... okay on input line 88.
LaTeX Font Info:    Checking defaults for T1/cmr/m/n on input line 88.
LaTeX Font Info:    ... okay on input line 88.
LaTeX Font Info:    Checking defaults for TS1/cmr/m/n on input line 88.
LaTeX Font Info:    ... okay on input line 88.
LaTeX Font Info:    Checking defaults for TU/lmr/m/n on input line 88.
LaTeX Font Info:    ... okay on input line 88.
LaTeX Font Info:    Checking defaults for OMX/cmex/m/n on input line 88.
LaTeX Font Info:    ... okay on input line 88.
LaTeX Font Info:    Checking defaults for U/cmr/m/n on input line 88.
LaTeX Font Info:    ... okay on input line 88.
LaTeX Font Info:    Checking defaults for T3/cmr/m/n on input line 88.
LaTeX Font Info:    Trying to load font information for T3+cmr on input line 88.

 (d:/Latex/texlive/2020/texmf-dist/tex/latex/tipa/t3cmr.fd
File: t3cmr.fd 2001/12/31 TIPA font definitions
)
LaTeX Font Info:    ... okay on input line 88.
LaTeX Font Info:    Checking defaults for LTJY3/song/m/up on input line 88.
LaTeX Font Info:    ... okay on input line 88.
LaTeX Font Info:    Checking defaults for PD1/pdf/m/n on input line 88.
LaTeX Font Info:    ... okay on input line 88.
LaTeX Font Info:    Checking defaults for PU/pdf/m/n on input line 88.
LaTeX Font Info:    ... okay on input line 88.

(d:/Latex/texlive/2020/texmf-dist/tex/context/base/mkii/supp-pdf.mkii
[Loading MPS to PDF converter (version 2006.09.02).]
\scratchcounter=\count335
\scratchdimen=\dimen198
\scratchbox=\box62
\nofMPsegments=\count336
\nofMParguments=\count337
\everyMPshowfont=\toks54
\MPscratchCnt=\count338
\MPscratchDim=\dimen199
\MPnumerator=\count339
\makeMPintoPDFobject=\count340
\everyMPtoPDFconversion=\toks55
) (d:/Latex/texlive/2020/texmf-dist/tex/latex/epstopdf-pkg/epstopdf-base.sty
Package: epstopdf-base 2020-01-24 v2.11 Base part for package epstopdf
Package epstopdf-base Info: Redefining graphics rule for `.eps' on input line 48
5.

(d:/Latex/texlive/2020/texmf-dist/tex/latex/latexconfig/epstopdf-sys.cfg
File: epstopdf-sys.cfg 2010/07/13 v1.3 Configuration of (r)epstopdf for TeX Live

))
ABD: EverySelectfont initializing macros
LaTeX Info: Redefining \selectfont on input line 88.

Package fontspec Info: Adjusting the maths setup (use [no-math] to avoid
(fontspec)             this).

\symlegacymaths=\mathgroup7
LaTeX Font Info:    Overwriting symbol font `legacymaths' in version `bold'
(Font)                  OT1/cmr/m/n --> OT1/cmr/bx/n on input line 88.
LaTeX Font Info:    Redeclaring math accent \acute on input line 88.
LaTeX Font Info:    Redeclaring math accent \grave on input line 88.
LaTeX Font Info:    Redeclaring math accent \ddot on input line 88.
LaTeX Font Info:    Redeclaring math accent \tilde on input line 88.
LaTeX Font Info:    Redeclaring math accent \bar on input line 88.
LaTeX Font Info:    Redeclaring math accent \breve on input line 88.
LaTeX Font Info:    Redeclaring math accent \check on input line 88.
LaTeX Font Info:    Redeclaring math accent \hat on input line 88.
LaTeX Font Info:    Redeclaring math accent \dot on input line 88.
LaTeX Font Info:    Redeclaring math accent \mathring on input line 88.
LaTeX Font Info:    Redeclaring math symbol \Gamma on input line 88.
LaTeX Font Info:    Redeclaring math symbol \Delta on input line 88.
LaTeX Font Info:    Redeclaring math symbol \Theta on input line 88.
LaTeX Font Info:    Redeclaring math symbol \Lambda on input line 88.
LaTeX Font Info:    Redeclaring math symbol \Xi on input line 88.
LaTeX Font Info:    Redeclaring math symbol \Pi on input line 88.
LaTeX Font Info:    Redeclaring math symbol \Sigma on input line 88.
LaTeX Font Info:    Redeclaring math symbol \Upsilon on input line 88.
LaTeX Font Info:    Redeclaring math symbol \Phi on input line 88.
LaTeX Font Info:    Redeclaring math symbol \Psi on input line 88.
LaTeX Font Info:    Redeclaring math symbol \Omega on input line 88.
LaTeX Font Info:    Redeclaring math symbol \mathdollar on input line 88.
LaTeX Font Info:    Redeclaring symbol font `operators' on input line 88.
LaTeX Font Info:    Encoding `OT1' has changed to `TU' for symbol font
(Font)              `operators' in the math version `normal' on input line 88.
LaTeX Font Info:    Overwriting symbol font `operators' in version `normal'
(Font)                  OT1/cmr/m/n --> TU/lmr/m/n on input line 88.
LaTeX Font Info:    Encoding `OT1' has changed to `TU' for symbol font
(Font)              `operators' in the math version `bold' on input line 88.
LaTeX Font Info:    Overwriting symbol font `operators' in version `bold'
(Font)                  OT1/cmr/bx/n --> TU/lmr/m/n on input line 88.
LaTeX Font Info:    Overwriting symbol font `operators' in version `normal'
(Font)                  TU/lmr/m/n --> TU/lmr/m/n on input line 88.
LaTeX Font Info:    Overwriting math alphabet `\mathit' in version `normal'
(Font)                  OT1/cmr/m/it --> TU/lmr/m/it on input line 88.
LaTeX Font Info:    Overwriting math alphabet `\mathbf' in version `normal'
(Font)                  OT1/cmr/bx/n --> TU/lmr/b/n on input line 88.
LaTeX Font Info:    Overwriting math alphabet `\mathsf' in version `normal'
(Font)                  OT1/cmss/m/n --> TU/lmss/m/n on input line 88.
LaTeX Font Info:    Overwriting math alphabet `\mathtt' in version `normal'
(Font)                  OT1/cmtt/m/n --> TU/lmtt/m/n on input line 88.
LaTeX Font Info:    Overwriting symbol font `operators' in version `bold'
(Font)                  TU/lmr/m/n --> TU/lmr/b/n on input line 88.
LaTeX Font Info:    Overwriting math alphabet `\mathit' in version `bold'
(Font)                  OT1/cmr/bx/it --> TU/lmr/b/it on input line 88.
LaTeX Font Info:    Overwriting math alphabet `\mathsf' in version `bold'
(Font)                  OT1/cmss/bx/n --> TU/lmss/b/n on input line 88.
LaTeX Font Info:    Overwriting math alphabet `\mathtt' in version `bold'
(Font)                  OT1/cmtt/m/n --> TU/lmtt/b/n on input line 88.

*geometry* driver: auto-detecting
*geometry* detected driver: luatex
*geometry* verbose mode - [ preamble ] result:
* driver: luatex
* paper: a4paper
* layout: <same size as paper>
* layoutoffset:(h,v)=(0.0pt,0.0pt)
* modes: 
* h-part:(L,W,R)=(29.87721pt, 537.75343pt, 29.87723pt)
* v-part:(T,H,B)=(33.80392pt, 760.53699pt, 50.70593pt)
* \paperwidth=597.50787pt
* \paperheight=845.04684pt
* \textwidth=537.75343pt
* \textheight=760.53699pt
* \oddsidemargin=-42.39278pt
* \evensidemargin=-42.39278pt
* \topmargin=-75.46606pt
* \headheight=12.0pt
* \headsep=25.0pt
* \topskip=10.0pt
* \footskip=30.0pt
* \marginparwidth=65.0pt
* \marginparsep=11.0pt
* \columnsep=10.0pt
* \skip\footins=9.0pt plus 4.0pt minus 2.0pt
* \hoffset=0.0pt
* \voffset=0.0pt
* \mag=1000
* \@twocolumnfalse
* \@twosidefalse
* \@mparswitchfalse
* \@reversemarginfalse
* (1in=72.27pt=25.4mm, 1cm=28.453pt)

Package hyperref Info: Link coloring ON on input line 88.
(d:/Latex/texlive/2020/texmf-dist/tex/latex/hyperref/nameref.sty
Package: nameref 2019/09/16 v2.46 Cross-referencing by name of section

(d:/Latex/texlive/2020/texmf-dist/tex/latex/refcount/refcount.sty
Package: refcount 2019/12/15 v3.6 Data extraction from label references (HO)
)
(d:/Latex/texlive/2020/texmf-dist/tex/generic/gettitlestring/gettitlestring.sty
Package: gettitlestring 2019/12/15 v1.6 Cleanup title references (HO)
)
\c@section@level=\count341
)
LaTeX Info: Redefining \ref on input line 88.
LaTeX Info: Redefining \pageref on input line 88.
LaTeX Info: Redefining \nameref on input line 88.
 (./finall.out) (./finall.out)
\@outlinefile=\write6

\openout6 = finall.out

No file pythontex-files-finall/finall.pytxmcr.
Run PythonTeX to create it.

Package PythonTeX Warning: A "listing" environment already exists 
(PythonTeX)                PythonTeX will not create one 
(PythonTeX)                Use \setpythontexlistingenv to create a custom listin
g environment on input line 88.

(d:/Latex/texlive/2020/texmf-dist/tex/latex/pdflscape/pdflscape.sty
Package: pdflscape 2019/12/05 v0.12 Display of landscape pages in PDF (HO)

(d:/Latex/texlive/2020/texmf-dist/tex/latex/graphics/lscape.sty
Package: lscape 2000/10/22 v3.01 Landscape Pages (DPC)
)
Package pdflscape Info: Auto-detected driver: pdftex on input line 81.
)

LaTeX Font Warning: Font shape `LTJY3/SimSun(0)/m/up' undefined
(Font)              using `LTJY3/song/m/up' instead on input line 91.

LaTeX Font Info:    Trying to load font information for U+msa on input line 91.
(d:/Latex/texlive/2020/texmf-dist/tex/latex/amsfonts/umsa.fd
File: umsa.fd 2013/01/14 v3.01 AMS symbols A
)
LaTeX Font Info:    Trying to load font information for U+msb on input line 91.

(d:/Latex/texlive/2020/texmf-dist/tex/latex/amsfonts/umsb.fd
File: umsb.fd 2013/01/14 v3.01 AMS symbols B
)
LaTeX Font Info:    Font shape `LTJY3/SimSun(0)/bx/n' in size <18.06749> not ava
ilable
(Font)              Font shape `LTJY3/SimSun(0)/b/n' tried instead on input line
 91.
<Picture/1.png, id=4, 476.53032pt x 377.91188pt>
File: Picture/1.png Graphic file (type png)
<use Picture/1.png>
Package luatex.def Info: Picture/1.png  used on input line 96.
(luatex.def)             Requested size: 238.26457pt x 188.95547pt.
 [1

{d:/Latex/texlive/2020/texmf-var/fonts/map/pdftex/updmap/pdftex.map}<./Picture/1
.png>]
[2]
Overfull \hbox (6.1455pt too wide) detected at line 279
[][]
 []

[3] [4] [5] [6] [7] [8]
Package atveryend Info: Empty hook `BeforeClearDocument' on input line 624.
 [9] [10]
Package atveryend Info: Empty hook `AfterLastShipout' on input line 624.
 (./finall.aux)
Package atveryend Info: Executing hook `AtVeryEndDocument' on input line 624.
Package atveryend Info: Executing hook `AtEndAfterFileList' on input line 624.
Package rerunfilecheck Info: File `finall.out' has not changed.
(rerunfilecheck)             Checksum: D41D8CD98F00B204E9800998ECF8427E;0.


LaTeX Font Warning: Some font shapes were not available, defaults substituted.

)

Here is how much of LuaTeX's memory you used:
 25919 strings out of 480992
 156465,953878 words of node,token memory allocated
 13482 words of node memory still in use:
   8 hlist, 2 vlist, 2 rule, 2 glue, 117 kern, 4 sub_mlist, 1 glyph, 2605 attrib
ute, 1427 glue_spec, 149 attribute_list, 1 write, 11 user_defined nodes
   avail lists: 1:8,2:42553,3:170,4:525,5:289,6:18,7:3566,8:71,9:1873,10:14,11:2
0
 42466 multiletter control sequences out of 65536+600000
 92 fonts using 78044423 bytes
 59i,16n,71p,981b,366s stack positions out of 5000i,500n,10000p,200000b,100000s
<d:/Latex/texlive/2020/texmf-dist/fonts/opentype/public/lm/lmroman10-regular.otf
><c:/Windows/Fonts/simsun.ttc><d:/Latex/texlive/2020/texmf-dist/fonts/opentype/p
ublic/lm/lmroman12-bold.otf><d:/Latex/texlive/2020/texmf-dist/fonts/opentype/pub
lic/lm/lmroman17-regular.otf><d:/Latex/texlive/2020/texmf-dist/fonts/type1/publi
c/amsfonts/cm/cmex10.pfb><d:/Latex/texlive/2020/texmf-dist/fonts/type1/public/am
sfonts/cm/cmmi12.pfb><d:/Latex/texlive/2020/texmf-dist/fonts/type1/public/amsfon
ts/cm/cmmi9.pfb><d:/Latex/texlive/2020/texmf-dist/fonts/type1/public/amsfonts/cm
/cmr12.pfb><d:/Latex/texlive/2020/texmf-dist/fonts/type1/public/amsfonts/cm/cmr9
.pfb><d:/Latex/texlive/2020/texmf-dist/fonts/type1/public/amsfonts/cm/cmsy10.pfb
><d:/Latex/texlive/2020/texmf-dist/fonts/type1/public/amsfonts/cm/cmsy9.pfb>
Output written on finall.pdf (10 pages, 192682 bytes).

PDF statistics: 167 PDF objects out of 1000 (max. 8388607)
 131 compressed objects within 2 object streams
 63 named destinations out of 1000 (max. 131072)
 1 words of extra memory for PDF output out of 10000 (max. 100000000)

